<?xml version="1.0" encoding="UTF-8"?>
<!-- Generated by org.testng.reporters.JUnitReportReporter -->
<testsuite skipped="1" hostname="LAPTOP-006A7428" name="testRunner.Workflow3_Runner" tests="1" failures="0" timestamp="12 Jan 2021 08:51:11 GMT" time="96.952" errors="0">
  <testcase name="run_cukes" time="96.952" classname="testRunner.Workflow3_Runner">
    <skipped/>
  </testcase> <!-- run_cukes -->
</testsuite> <!-- testRunner.Workflow3_Runner -->
