<?xml version="1.0" encoding="UTF-8"?>
<!-- Generated by org.testng.reporters.JUnitReportReporter -->
<testsuite skipped="0" hostname="LAPTOP-006A7428" name="testRunner.Workflow2_Runner" tests="1" failures="0" timestamp="12 Jan 2021 14:14:39 GMT" time="126.073" errors="0">
  <testcase name="run_cukes" time="126.073" classname="testRunner.Workflow2_Runner"/>
</testsuite> <!-- testRunner.Workflow2_Runner -->
