<?xml version="1.0" encoding="UTF-8"?>
<!-- Generated by org.testng.reporters.JUnitReportReporter -->
<testsuite skipped="0" hostname="LAPTOP-006A7428" name="testRunner.Workflow1_Runner" tests="1" failures="0" timestamp="11 Jan 2021 09:36:29 GMT" time="52.946" errors="0">
  <testcase name="run_cukes" time="52.946" classname="testRunner.Workflow1_Runner"/>
</testsuite> <!-- testRunner.Workflow1_Runner -->
